# JRE version: Java(TM) SE Runtime Environment (17.0.12+8) (build 17.0.12+8-LTS-286)
# Java VM: Java HotSpot(TM) 64-Bit Server VM (17.0.12+8-LTS-286, mixed mode, sharing, tiered, compressed oops, compressed class ptrs, g1 gc, windows-amd64)
GC Precious Log:
 CPUs: 12 total, 12 available
 Memory: 7860M
 Large Page Support: Disabled
 NUMA Support: Disabled
 Compressed Oops: Enabled (32-bit)
 Heap Region Size: 1M
 Heap Min Capacity: 8M
 Heap Initial Capacity: 124M
 Heap Max Capacity: 1966M
 Pre-touch: Disabled
 Parallel Workers: 10
 Concurrent Workers: 3
 Concurrent Refinement Workers: 10
 Periodic GC: Disabled
Heap:
 garbage-first heap   total 126976K, used 39846K [0x0000000085200000, 0x0000000100000000)
  region size 1024K, 6 young (6144K), 6 survivors (6144K)
 Metaspace       used 92820K, committed 93760K, reserved 1179648K
  class space    used 11216K, committed 11712K, reserved 1048576K
GC Heap History (20 events):
Event: 304140.332 GC heap after
{Heap after GC invocations=624 (full 10):
 garbage-first heap   total 115712K, used 39996K [0x0000000085200000, 0x0000000100000000)
  region size 1024K, 4 young (4096K), 4 survivors (4096K)
 Metaspace       used 89922K, committed 90816K, reserved 1179648K
  class space    used 11008K, committed 11456K, reserved 1048576K
}
Event: 304189.255 GC heap before
{Heap before GC invocations=624 (full 10):
 garbage-first heap   total 115712K, used 49212K [0x0000000085200000, 0x0000000100000000)
  region size 1024K, 14 young (14336K), 4 survivors (4096K)
 Metaspace       used 90033K, committed 90944K, reserved 1179648K
  class space    used 11017K, committed 11456K, reserved 1048576K
}
Event: 304189.318 GC heap after
{Heap after GC invocations=625 (full 11):
 garbage-first heap   total 115712K, used 35462K [0x0000000085200000, 0x0000000100000000)
  region size 1024K, 0 young (0K), 0 survivors (0K)
 Metaspace       used 90030K, committed 90944K, reserved 1179648K
  class space    used 11017K, committed 11456K, reserved 1048576K
}
Event: 304189.788 GC heap before
{Heap before GC invocations=625 (full 11):
 garbage-first heap   total 115712K, used 87686K [0x0000000085200000, 0x0000000100000000)
  region size 1024K, 51 young (52224K), 0 survivors (0K)
 Metaspace       used 90327K, committed 91200K, reserved 1179648K
  class space    used 11038K, committed 11456K, reserved 1048576K
}
Event: 304189.792 GC heap after
{Heap after GC invocations=626 (full 11):
 garbage-first heap   total 115712K, used 40339K [0x0000000085200000, 0x0000000100000000)
  region size 1024K, 5 young (5120K), 5 survivors (5120K)
 Metaspace       used 90327K, committed 91200K, reserved 1179648K
  class space    used 11038K, committed 11456K, reserved 1048576K
}
Event: 304191.793 GC heap before
{Heap before GC invocations=626 (full 11):
 garbage-first heap   total 115712K, used 88467K [0x0000000085200000, 0x0000000100000000)
  region size 1024K, 52 young (53248K), 5 survivors (5120K)
 Metaspace       used 90938K, committed 91840K, reserved 1179648K
  class space    used 11075K, committed 11520K, reserved 1048576K
}
Event: 304191.801 GC heap after
{Heap after GC invocations=627 (full 11):
 garbage-first heap   total 115712K, used 42626K [0x0000000085200000, 0x0000000100000000)
  region size 1024K, 4 young (4096K), 4 survivors (4096K)
 Metaspace       used 90938K, committed 91840K, reserved 1179648K
  class space    used 11075K, committed 11520K, reserved 1048576K
}
Event: 304191.804 GC heap before
{Heap before GC invocations=627 (full 11):
 garbage-first heap   total 115712K, used 42626K [0x0000000085200000, 0x0000000100000000)
  region size 1024K, 5 young (5120K), 4 survivors (4096K)
 Metaspace       used 90941K, committed 91840K, reserved 1179648K
  class space    used 11076K, committed 11520K, reserved 1048576K
}
Event: 304191.863 GC heap after
{Heap after GC invocations=628 (full 12):
 garbage-first heap   total 115712K, used 33618K [0x0000000085200000, 0x0000000100000000)
  region size 1024K, 0 young (0K), 0 survivors (0K)
 Metaspace       used 90938K, committed 91840K, reserved 1179648K
  class space    used 11075K, committed 11520K, reserved 1048576K
}
Event: 304192.226 GC heap before
{Heap before GC invocations=628 (full 12):
 garbage-first heap   total 115712K, used 86866K [0x0000000085200000, 0x0000000100000000)
  region size 1024K, 53 young (54272K), 0 survivors (0K)
 Metaspace       used 91224K, committed 92160K, reserved 1179648K
  class space    used 11099K, committed 11584K, reserved 1048576K
}
Event: 304192.232 GC heap after
{Heap after GC invocations=629 (full 12):
 garbage-first heap   total 115712K, used 38602K [0x0000000085200000, 0x0000000100000000)
  region size 1024K, 5 young (5120K), 5 survivors (5120K)
 Metaspace       used 91224K, committed 92160K, reserved 1179648K
  class space    used 11099K, committed 11584K, reserved 1048576K
}
Event: 304285.832 GC heap before
{Heap before GC invocations=629 (full 12):
 garbage-first heap   total 115712K, used 88778K [0x0000000085200000, 0x0000000100000000)
  region size 1024K, 54 young (55296K), 5 survivors (5120K)
 Metaspace       used 91741K, committed 92608K, reserved 1179648K
  class space    used 11134K, committed 11584K, reserved 1048576K
}
Event: 304285.927 GC heap after
{Heap after GC invocations=630 (full 12):
 garbage-first heap   total 115712K, used 40966K [0x0000000085200000, 0x0000000100000000)
  region size 1024K, 4 young (4096K), 4 survivors (4096K)
 Metaspace       used 91741K, committed 92608K, reserved 1179648K
  class space    used 11134K, committed 11584K, reserved 1048576K
}
Event: 304381.934 GC heap before
{Heap before GC invocations=630 (full 12):
 garbage-first heap   total 115712K, used 46086K [0x0000000085200000, 0x0000000100000000)
  region size 1024K, 10 young (10240K), 4 survivors (4096K)
 Metaspace       used 91744K, committed 92672K, reserved 1179648K
  class space    used 11135K, committed 11584K, reserved 1048576K
}
Event: 304382.615 GC heap after
{Heap after GC invocations=631 (full 13):
 garbage-first heap   total 115712K, used 34090K [0x0000000085200000, 0x0000000100000000)
  region size 1024K, 0 young (0K), 0 survivors (0K)
 Metaspace       used 91742K, committed 92672K, reserved 1179648K
  class space    used 11134K, committed 11584K, reserved 1048576K
}
Event: 304383.348 GC heap before
{Heap before GC invocations=631 (full 13):
 garbage-first heap   total 115712K, used 87338K [0x0000000085200000, 0x0000000100000000)
  region size 1024K, 53 young (54272K), 0 survivors (0K)
 Metaspace       used 92055K, committed 92992K, reserved 1179648K
  class space    used 11158K, committed 11648K, reserved 1048576K
}
Event: 304383.351 GC heap after
{Heap after GC invocations=632 (full 13):
 garbage-first heap   total 115712K, used 39073K [0x0000000085200000, 0x0000000100000000)
  region size 1024K, 5 young (5120K), 5 survivors (5120K)
 Metaspace       used 92055K, committed 92992K, reserved 1179648K
  class space    used 11158K, committed 11648K, reserved 1048576K
}
Event: 304385.374 GC heap before
{Heap before GC invocations=632 (full 13):
 garbage-first heap   total 115712K, used 85153K [0x0000000085200000, 0x0000000100000000)
  region size 1024K, 51 young (52224K), 5 survivors (5120K)
 Metaspace       used 92583K, committed 93504K, reserved 1179648K
  class space    used 11193K, committed 11648K, reserved 1048576K
}
Event: 304385.430 GC heap after
{Heap after GC invocations=633 (full 14):
 garbage-first heap   total 115712K, used 34641K [0x0000000085200000, 0x0000000100000000)
  region size 1024K, 0 young (0K), 0 survivors (0K)
 Metaspace       used 92580K, committed 93504K, reserved 1179648K
  class space    used 11193K, committed 11648K, reserved 1048576K
}
Event: 304385.696 GC heap before
{Heap before GC invocations=633 (full 14):
 garbage-first heap   total 115712K, used 86865K [0x0000000085200000, 0x0000000100000000)
  region size 1024K, 52 young (53248K), 0 survivors (0K)
 Metaspace       used 92820K, committed 93760K, reserved 1179648K
  class space    used 11216K, committed 11712K, reserved 1048576K
}

